[2018-08-21 12:32:19] local.INFO: {"creditNoteAutoID":3305,"companySystemID":11,"companyID":"FREE","documentSystemiD":19,"documentID":"CN","serialNo":6,"companyFinanceYearID":241,"FYBiggin":"2018-01-01 00:00:00","FYEnd":"2018-12-31 00:00:00","companyFinancePeriodID":null,"FYPeriodDateFrom":"2018-01-01 00:00:00","FYPeriodDateTo":"2018-03-31 00:00:00","creditNoteCode":"FREE\\2018\\CN000006","creditNoteDate":"2018-02-28 16:50:20","comments":"Transfer of f & M income to SGEE for Feb'18","customerID":92,"customerGLCodeSystemID":647,"customerGLCode":"9999983","customerCurrencyID":2,"customerCurrencyER":1,"companyReportingCurrencyID":2,"companyReportingER":1,"localCurrencyID":1,"localCurrencyER":2.5974026,"creditAmountTrans":22926.75,"creditAmountLocal":8826.798741173201,"creditAmountRpt":22926.75,"confirmedYN":1,"confirmedByEmpSystemID":2048,"confirmedByEmpID":"SGEE0026","confirmedByName":"Jyoti Sandeep Metha","confirmedDate":"2018-03-12 16:54:01","approved":-1,"approvedDate":"2018-03-12 17:11:22","postedDate":"2018-02-28 11:59:00","secondaryLogoCompID":null,"secondaryLogo":null,"matchInvoice":0,"matchingConfirmedYN":0,"matchingConfirmedByEmpSystemID":null,"matchingConfirmedByEmpID":null,"matchingConfirmedByName":null,"matchingConfirmedDate":null,"documentType":12,"timesReferred":0,"RollLevForApp_curr":1,"createdUserGroup":null,"createdUserSystemID":2048,"createdUserID":"SGEE0026","createdPcID":"JOYTIII-PC","modifiedUserSystemID":2048,"modifiedUser":"SGEE0026","modifiedPc":"JOYTIII-PC","createdDateTime":"12\/03\/2018 16:50:08","timestamp":"2018-03-12 18:41:39","details":[{"localAmount":8826.798741173201,"rptAmount":22926.75,"transAmount":22926.75,"financeGLcodePLSystemID":350,"financeGLcodePL":"53006","localCurrencyID":1,"reportingCurrencyID":2,"transCurrencyID":2,"reportingCurrencyER":1,"localCurrencyER":2.5974026,"transCurrencyER":1,"creditNoteAutoID":3305}]}  
[2018-08-21 12:34:53] local.INFO: 22926.75  
[2018-08-21 12:35:44] local.INFO: 8826.7987411732  
[2018-08-21 12:36:10] local.INFO: 22926.75  
[2018-08-21 12:37:56] local.INFO: array (
  0 => 
  array (
    'companySystemID' => 11,
    'companyID' => 'FREE',
    'serviceLineSystemID' => NULL,
    'serviceLineCode' => NULL,
    'masterCompanyID' => NULL,
    'documentSystemID' => NULL,
    'documentID' => 'CN',
    'documentSystemCode' => 3305,
    'documentCode' => 'FREE\\2018\\CN000006',
    'documentDate' => '2018-08-21 12:37:56',
    'documentYear' => '2018',
    'documentMonth' => '02',
    'documentConfirmedDate' => '2018-03-12 16:54:01',
    'documentConfirmedBy' => 'SGEE0026',
    'documentConfirmedByEmpSystemID' => 2048,
    'documentFinalApprovedDate' => '2018-03-12 17:11:22',
    'documentFinalApprovedBy' => NULL,
    'documentFinalApprovedByEmpSystemID' => NULL,
    'documentNarration' => 'Transfer of f & M income to SGEE for Feb\'18',
    'clientContractID' => 'X',
    'contractUID' => 159,
    'supplierCodeSystem' => 92,
    'chartOfAccountSystemID' => 350,
    'glCode' => '53006',
    'documentTransCurrencyID' => 2,
    'documentTransCurrencyER' => 1.0,
    'documentTransAmount' => 22926.75,
    'documentLocalCurrencyID' => 1,
    'documentLocalCurrencyER' => 2.5974026,
    'documentLocalAmount' => 8826.7987412,
    'documentRptCurrencyID' => 2,
    'documentRptCurrencyER' => 1.0,
    'documentRptAmount' => 22926.75,
    'holdingShareholder' => NULL,
    'holdingPercentage' => NULL,
    'nonHoldingPercentage' => NULL,
    'createdDateTime' => '2018-08-21 12:37:56',
    'createdUserID' => '5555',
    'createdUserSystemID' => 2664,
    'createdUserPC' => 'LAPTOP-B7M1V7KL',
    'timestamp' => '2018-08-21 12:37:56',
    'glAccountType' => 'PL',
  ),
)  
[2018-08-21 12:37:56] local.INFO: Successfully inserted to GL table 12:37:56  
[2018-08-21 12:41:54] local.INFO: array (
  0 => 
  array (
    'companySystemID' => 11,
    'companyID' => 'FREE',
    'serviceLineSystemID' => NULL,
    'serviceLineCode' => NULL,
    'masterCompanyID' => NULL,
    'documentSystemID' => NULL,
    'documentID' => 'CN',
    'documentSystemCode' => 3305,
    'documentCode' => 'FREE\\2018\\CN000006',
    'documentDate' => '2018-08-21 12:41:54',
    'documentYear' => '2018',
    'documentMonth' => '02',
    'documentConfirmedDate' => '2018-03-12 16:54:01',
    'documentConfirmedBy' => 'SGEE0026',
    'documentConfirmedByEmpSystemID' => 2048,
    'documentFinalApprovedDate' => '2018-03-12 17:11:22',
    'documentFinalApprovedBy' => NULL,
    'documentFinalApprovedByEmpSystemID' => NULL,
    'documentNarration' => 'Transfer of f & M income to SGEE for Feb\'18',
    'clientContractID' => 'X',
    'contractUID' => 159,
    'supplierCodeSystem' => 92,
    'chartOfAccountSystemID' => 350,
    'glCode' => '53006',
    'documentTransCurrencyID' => 2,
    'documentTransCurrencyER' => 1.0,
    'documentTransAmount' => 22926.75,
    'documentLocalCurrencyID' => 1,
    'documentLocalCurrencyER' => 2.5974026,
    'documentLocalAmount' => 8826.7987412,
    'documentRptCurrencyID' => 2,
    'documentRptCurrencyER' => 1.0,
    'documentRptAmount' => 22926.75,
    'holdingShareholder' => NULL,
    'holdingPercentage' => NULL,
    'nonHoldingPercentage' => NULL,
    'createdDateTime' => '2018-08-21 12:41:54',
    'createdUserID' => '5555',
    'createdUserSystemID' => 2664,
    'createdUserPC' => 'LAPTOP-B7M1V7KL',
    'timestamp' => '2018-08-21 12:41:54',
    'glAccountType' => 'PL',
  ),
)  
[2018-08-21 12:41:54] local.INFO: Successfully inserted to GL table 12:41:54  
[2018-08-21 12:45:44] local.INFO: array (
  0 => 
  array (
    'companySystemID' => 11,
    'companyID' => 'FREE',
    'serviceLineSystemID' => NULL,
    'serviceLineCode' => NULL,
    'masterCompanyID' => NULL,
    'documentSystemID' => NULL,
    'documentID' => 'CN',
    'documentSystemCode' => 3305,
    'documentCode' => 'FREE\\2018\\CN000006',
    'documentDate' => '2018-08-21 12:45:44',
    'documentYear' => '2018',
    'documentMonth' => '02',
    'documentConfirmedDate' => '2018-03-12 16:54:01',
    'documentConfirmedBy' => 'SGEE0026',
    'documentConfirmedByEmpSystemID' => 2048,
    'documentFinalApprovedDate' => '2018-03-12 17:11:22',
    'documentFinalApprovedBy' => NULL,
    'documentFinalApprovedByEmpSystemID' => NULL,
    'documentNarration' => 'Transfer of f & M income to SGEE for Feb\'18',
    'clientContractID' => 'X',
    'contractUID' => 159,
    'supplierCodeSystem' => 92,
    'chartOfAccountSystemID' => 647,
    'glCode' => '9999983',
    'documentTransCurrencyID' => 2,
    'documentTransCurrencyER' => 1.0,
    'documentTransAmount' => -22926.75,
    'documentLocalCurrencyID' => 1,
    'documentLocalCurrencyER' => 2.5974026,
    'documentLocalAmount' => -8826.7987412,
    'documentRptCurrencyID' => 2,
    'documentRptCurrencyER' => 1.0,
    'documentRptAmount' => -22926.75,
    'holdingShareholder' => NULL,
    'holdingPercentage' => NULL,
    'nonHoldingPercentage' => NULL,
    'createdDateTime' => '2018-08-21 12:45:44',
    'createdUserID' => '5555',
    'createdUserSystemID' => 2664,
    'createdUserPC' => 'LAPTOP-B7M1V7KL',
    'timestamp' => '2018-08-21 12:45:44',
  ),
  1 => 
  array (
    'companySystemID' => 11,
    'companyID' => 'FREE',
    'serviceLineSystemID' => NULL,
    'serviceLineCode' => NULL,
    'masterCompanyID' => NULL,
    'documentSystemID' => NULL,
    'documentID' => 'CN',
    'documentSystemCode' => 3305,
    'documentCode' => 'FREE\\2018\\CN000006',
    'documentDate' => '2018-08-21 12:45:44',
    'documentYear' => '2018',
    'documentMonth' => '02',
    'documentConfirmedDate' => '2018-03-12 16:54:01',
    'documentConfirmedBy' => 'SGEE0026',
    'documentConfirmedByEmpSystemID' => 2048,
    'documentFinalApprovedDate' => '2018-03-12 17:11:22',
    'documentFinalApprovedBy' => NULL,
    'documentFinalApprovedByEmpSystemID' => NULL,
    'documentNarration' => 'Transfer of f & M income to SGEE for Feb\'18',
    'clientContractID' => 'X',
    'contractUID' => 159,
    'supplierCodeSystem' => 92,
    'chartOfAccountSystemID' => 350,
    'glCode' => '53006',
    'documentTransCurrencyID' => 2,
    'documentTransCurrencyER' => 1.0,
    'documentTransAmount' => 22926.75,
    'documentLocalCurrencyID' => 1,
    'documentLocalCurrencyER' => 2.5974026,
    'documentLocalAmount' => 8826.7987412,
    'documentRptCurrencyID' => 2,
    'documentRptCurrencyER' => 1.0,
    'documentRptAmount' => 22926.75,
    'holdingShareholder' => NULL,
    'holdingPercentage' => NULL,
    'nonHoldingPercentage' => NULL,
    'createdDateTime' => '2018-08-21 12:45:44',
    'createdUserID' => '5555',
    'createdUserSystemID' => 2664,
    'createdUserPC' => 'LAPTOP-B7M1V7KL',
    'timestamp' => '2018-08-21 12:45:44',
    'glAccountType' => 'PL',
  ),
)  
[2018-08-21 12:45:44] local.ERROR: SQLSTATE[21S01]: Insert value list does not match column list: 1136 Column count doesn't match value count at row 2 (SQL: insert into `erp_generalledger` (`chartOfAccountSystemID`, `clientContractID`, `companyID`, `companySystemID`, `contractUID`, `createdDateTime`, `createdUserID`, `createdUserPC`, `createdUserSystemID`, `documentCode`, `documentConfirmedBy`, `documentConfirmedByEmpSystemID`, `documentConfirmedDate`, `documentDate`, `documentFinalApprovedBy`, `documentFinalApprovedByEmpSystemID`, `documentFinalApprovedDate`, `documentID`, `documentLocalAmount`, `documentLocalCurrencyER`, `documentLocalCurrencyID`, `documentMonth`, `documentNarration`, `documentRptAmount`, `documentRptCurrencyER`, `documentRptCurrencyID`, `documentSystemCode`, `documentSystemID`, `documentTransAmount`, `documentTransCurrencyER`, `documentTransCurrencyID`, `documentYear`, `glCode`, `holdingPercentage`, `holdingShareholder`, `masterCompanyID`, `nonHoldingPercentage`, `serviceLineCode`, `serviceLineSystemID`, `supplierCodeSystem`, `timestamp`) values (647, X, FREE, 11, 159, 2018-08-21 12:45:44, 5555, LAPTOP-B7M1V7KL, 2664, FREE\2018\CN000006, SGEE0026, 2048, 2018-03-12 16:54:01, 2018-08-21 12:45:44, , , 2018-03-12 17:11:22, CN, -8826.7987412, 2.5974026, 1, 02, Transfer of f & M income to SGEE for Feb'18, -22926.75, 1, 2, 3305, , -22926.75, 1, 2, 2018, 9999983, , , , , , , 92, 2018-08-21 12:45:44), (350, X, FREE, 11, 159, 2018-08-21 12:45:44, 5555, LAPTOP-B7M1V7KL, 2664, FREE\2018\CN000006, SGEE0026, 2048, 2018-03-12 16:54:01, 2018-08-21 12:45:44, , , 2018-03-12 17:11:22, CN, 8826.7987412, 2.5974026, 1, 02, Transfer of f & M income to SGEE for Feb'18, 22926.75, 1, 2, 3305, , 22926.75, 1, 2, 2018, PL, 53006, , , , , , , 92, 2018-08-21 12:45:44))  
[2018-08-21 12:47:56] local.INFO: array (
  0 => 
  array (
    'companySystemID' => 11,
    'companyID' => 'FREE',
    'serviceLineSystemID' => NULL,
    'serviceLineCode' => NULL,
    'masterCompanyID' => NULL,
    'documentSystemID' => NULL,
    'documentID' => 'CN',
    'documentSystemCode' => 3305,
    'documentCode' => 'FREE\\2018\\CN000006',
    'documentDate' => '2018-08-21 12:47:56',
    'documentYear' => '2018',
    'documentMonth' => '02',
    'documentConfirmedDate' => '2018-03-12 16:54:01',
    'documentConfirmedBy' => 'SGEE0026',
    'documentConfirmedByEmpSystemID' => 2048,
    'documentFinalApprovedDate' => '2018-03-12 17:11:22',
    'documentFinalApprovedBy' => NULL,
    'documentFinalApprovedByEmpSystemID' => NULL,
    'documentNarration' => 'Transfer of f & M income to SGEE for Feb\'18',
    'clientContractID' => 'X',
    'contractUID' => 159,
    'supplierCodeSystem' => 92,
    'chartOfAccountSystemID' => 647,
    'glCode' => '9999983',
    'glAccountType' => 'BS',
    'documentTransCurrencyID' => 2,
    'documentTransCurrencyER' => 1.0,
    'documentTransAmount' => -22926.75,
    'documentLocalCurrencyID' => 1,
    'documentLocalCurrencyER' => 2.5974026,
    'documentLocalAmount' => -8826.7987412,
    'documentRptCurrencyID' => 2,
    'documentRptCurrencyER' => 1.0,
    'documentRptAmount' => -22926.75,
    'holdingShareholder' => NULL,
    'holdingPercentage' => NULL,
    'nonHoldingPercentage' => NULL,
    'createdDateTime' => '2018-08-21 12:47:56',
    'createdUserID' => '5555',
    'createdUserSystemID' => 2664,
    'createdUserPC' => 'LAPTOP-B7M1V7KL',
    'timestamp' => '2018-08-21 12:47:56',
  ),
  1 => 
  array (
    'companySystemID' => 11,
    'companyID' => 'FREE',
    'serviceLineSystemID' => NULL,
    'serviceLineCode' => NULL,
    'masterCompanyID' => NULL,
    'documentSystemID' => NULL,
    'documentID' => 'CN',
    'documentSystemCode' => 3305,
    'documentCode' => 'FREE\\2018\\CN000006',
    'documentDate' => '2018-08-21 12:47:56',
    'documentYear' => '2018',
    'documentMonth' => '02',
    'documentConfirmedDate' => '2018-03-12 16:54:01',
    'documentConfirmedBy' => 'SGEE0026',
    'documentConfirmedByEmpSystemID' => 2048,
    'documentFinalApprovedDate' => '2018-03-12 17:11:22',
    'documentFinalApprovedBy' => NULL,
    'documentFinalApprovedByEmpSystemID' => NULL,
    'documentNarration' => 'Transfer of f & M income to SGEE for Feb\'18',
    'clientContractID' => 'X',
    'contractUID' => 159,
    'supplierCodeSystem' => 92,
    'chartOfAccountSystemID' => 350,
    'glCode' => '53006',
    'glAccountType' => 'PL',
    'documentTransCurrencyID' => 2,
    'documentTransCurrencyER' => 1.0,
    'documentTransAmount' => 22926.75,
    'documentLocalCurrencyID' => 1,
    'documentLocalCurrencyER' => 2.5974026,
    'documentLocalAmount' => 8826.7987412,
    'documentRptCurrencyID' => 2,
    'documentRptCurrencyER' => 1.0,
    'documentRptAmount' => 22926.75,
    'holdingShareholder' => NULL,
    'holdingPercentage' => NULL,
    'nonHoldingPercentage' => NULL,
    'createdDateTime' => '2018-08-21 12:47:56',
    'createdUserID' => '5555',
    'createdUserSystemID' => 2664,
    'createdUserPC' => 'LAPTOP-B7M1V7KL',
    'timestamp' => '2018-08-21 12:47:56',
  ),
)  
[2018-08-21 12:47:56] local.INFO: Successfully inserted to GL table 12:47:56  
[2018-08-21 12:50:49] local.INFO: array (
  0 => 
  array (
    'companySystemID' => 11,
    'companyID' => 'FREE',
    'serviceLineSystemID' => NULL,
    'serviceLineCode' => NULL,
    'masterCompanyID' => NULL,
    'documentSystemID' => NULL,
    'documentID' => 'CN',
    'documentSystemCode' => 3305,
    'documentCode' => 'FREE\\2018\\CN000006',
    'documentDate' => '2018-08-21 12:50:49',
    'documentYear' => '2018',
    'documentMonth' => '02',
    'documentConfirmedDate' => '2018-03-12 16:54:01',
    'documentConfirmedBy' => 'SGEE0026',
    'documentConfirmedByEmpSystemID' => 2048,
    'documentFinalApprovedDate' => '2018-03-12 17:11:22',
    'documentFinalApprovedBy' => NULL,
    'documentFinalApprovedByEmpSystemID' => NULL,
    'documentNarration' => 'Transfer of f & M income to SGEE for Feb\'18',
    'clientContractID' => 'X',
    'contractUID' => 159,
    'supplierCodeSystem' => 92,
    'chartOfAccountSystemID' => 647,
    'glCode' => '9999983',
    'glAccountType' => 'BS',
    'documentTransCurrencyID' => 2,
    'documentTransCurrencyER' => 1.0,
    'documentTransAmount' => -22926.75,
    'documentLocalCurrencyID' => 1,
    'documentLocalCurrencyER' => 2.5974026,
    'documentLocalAmount' => -8826.7987412,
    'documentRptCurrencyID' => 2,
    'documentRptCurrencyER' => 1.0,
    'documentRptAmount' => -22926.75,
    'holdingShareholder' => NULL,
    'holdingPercentage' => NULL,
    'nonHoldingPercentage' => NULL,
    'createdDateTime' => '2018-08-21 12:50:49',
    'createdUserID' => '5555',
    'createdUserSystemID' => 2664,
    'createdUserPC' => 'LAPTOP-B7M1V7KL',
    'timestamp' => '2018-08-21 12:50:49',
  ),
  1 => 
  array (
    'companySystemID' => 11,
    'companyID' => 'FREE',
    'serviceLineSystemID' => NULL,
    'serviceLineCode' => NULL,
    'masterCompanyID' => NULL,
    'documentSystemID' => NULL,
    'documentID' => 'CN',
    'documentSystemCode' => 3305,
    'documentCode' => 'FREE\\2018\\CN000006',
    'documentDate' => '2018-08-21 12:50:49',
    'documentYear' => '2018',
    'documentMonth' => '02',
    'documentConfirmedDate' => '2018-03-12 16:54:01',
    'documentConfirmedBy' => 'SGEE0026',
    'documentConfirmedByEmpSystemID' => 2048,
    'documentFinalApprovedDate' => '2018-03-12 17:11:22',
    'documentFinalApprovedBy' => NULL,
    'documentFinalApprovedByEmpSystemID' => NULL,
    'documentNarration' => 'Transfer of f & M income to SGEE for Feb\'18',
    'clientContractID' => 'X',
    'contractUID' => 159,
    'supplierCodeSystem' => 92,
    'chartOfAccountSystemID' => 350,
    'glCode' => '53006',
    'glAccountType' => 'PL',
    'documentTransCurrencyID' => 2,
    'documentTransCurrencyER' => 1.0,
    'documentTransAmount' => 22926.75,
    'documentLocalCurrencyID' => 1,
    'documentLocalCurrencyER' => 2.5974026,
    'documentLocalAmount' => 8826.7987412,
    'documentRptCurrencyID' => 2,
    'documentRptCurrencyER' => 1.0,
    'documentRptAmount' => 22926.75,
    'holdingShareholder' => NULL,
    'holdingPercentage' => NULL,
    'nonHoldingPercentage' => NULL,
    'createdDateTime' => '2018-08-21 12:50:49',
    'createdUserID' => '5555',
    'createdUserSystemID' => 2664,
    'createdUserPC' => 'LAPTOP-B7M1V7KL',
    'timestamp' => '2018-08-21 12:50:49',
  ),
)  
[2018-08-21 12:50:49] local.INFO: Successfully inserted to GL table 12:50:49  
