[2018-08-20 09:34:05] local.INFO: array (
  0 => 
  array (
    'itemSystemCode' => 4,
    'itemPrimaryCode' => 'INV000004',
    'itemDescription' => '7" FRICTION MANDREL - BOWEN SURFACE BUMPER JAR',
    'unitOfMeasure' => 7,
    'inOutQty' => 2.0,
    'wacLocalCurrencyID' => 1,
    'wacLocal' => 389.537921906,
    'wacRptCurrencyID' => 2,
    'wacRpt' => 1011.786811157,
    'companySystemID' => 11,
    'companyID' => 'FREE',
    'serviceLineSystemID' => 35,
    'serviceLineCode' => 'THU',
    'documentSystemID' => 61,
    'documentID' => 'INRC',
    'documentCode' => 'FREE\\2018\\INRC000003',
    'documentSystemCode' => 4,
    'createdUserSystemID' => 2664,
    'createdUserID' => '5555',
    'fromDamagedTransactionYN' => 0,
    'transactionDate' => '2018-08-20 09:34:05',
    'timestamp' => '2018-08-20 09:34:05',
  ),
)  
[2018-08-20 09:34:05] local.INFO: array (
  0 => 4,
)  
[2018-08-20 09:34:05] local.INFO: Item successfully added to item ledger09:34:05  
[2018-08-20 09:34:05] local.INFO: [{"companySystemID":11,"itemSystemCode":4,"inOutQty":6,"wacCostLocal":389.537921906,"wacCostRpt":1011.786811157,"TotalwacCostLocal":2337.227531436,"TotalwacCostRpt":6070.720866942}]  
[2018-08-20 09:34:06] local.INFO: Successfully updated to item assign table 09:34:06  
[2018-08-20 10:13:17] local.INFO: array (
  0 => 
  array (
    'itemSystemCode' => 507,
    'itemPrimaryCode' => 'INV000507',
    'itemDescription' => 'FLAPPER SEAT 1 11/16 Motor Head Assembly ',
    'unitOfMeasure' => 7,
    'inOutQty' => 8.0,
    'wacLocalCurrencyID' => 1,
    'wacLocal' => 59.213,
    'wacRptCurrencyID' => 2,
    'wacRpt' => 153.8,
    'companySystemID' => 11,
    'companyID' => 'FREE',
    'serviceLineSystemID' => 51,
    'serviceLineCode' => 'FREEGEN',
    'documentSystemID' => 61,
    'documentID' => 'INRC',
    'documentCode' => 'FREE\\2018\\INRC000004',
    'documentSystemCode' => 5,
    'createdUserSystemID' => 2664,
    'createdUserID' => '5555',
    'fromDamagedTransactionYN' => 0,
    'transactionDate' => '2018-08-20 10:13:17',
    'timestamp' => '2018-08-20 10:13:17',
  ),
  1 => 
  array (
    'itemSystemCode' => 52,
    'itemPrimaryCode' => 'INV000052',
    'itemDescription' => '6-5/8" BASKET MILL CONTROL PACKER',
    'unitOfMeasure' => 7,
    'inOutQty' => 1.0,
    'wacLocalCurrencyID' => 1,
    'wacLocal' => 243.489162943,
    'wacRptCurrencyID' => 2,
    'wacRpt' => 632.439384531,
    'companySystemID' => 11,
    'companyID' => 'FREE',
    'serviceLineSystemID' => 51,
    'serviceLineCode' => 'FREEGEN',
    'documentSystemID' => 61,
    'documentID' => 'INRC',
    'documentCode' => 'FREE\\2018\\INRC000004',
    'documentSystemCode' => 5,
    'createdUserSystemID' => 2664,
    'createdUserID' => '5555',
    'fromDamagedTransactionYN' => 0,
    'transactionDate' => '2018-08-20 10:13:17',
    'timestamp' => '2018-08-20 10:13:17',
  ),
)  
[2018-08-20 10:13:17] local.INFO: array (
  0 => 507,
  1 => 52,
)  
[2018-08-20 10:13:17] local.INFO: Item successfully added to item ledger10:13:17  
[2018-08-20 10:13:17] local.INFO: [{"companySystemID":11,"itemSystemCode":52,"inOutQty":2,"wacCostLocal":243.489162943,"wacCostRpt":632.439384531,"TotalwacCostLocal":486.978325886,"TotalwacCostRpt":1264.878769062},{"companySystemID":11,"itemSystemCode":507,"inOutQty":16,"wacCostLocal":59.213,"wacCostRpt":153.8,"TotalwacCostLocal":947.408,"TotalwacCostRpt":2460.8}]  
[2018-08-20 10:13:17] local.INFO: Successfully updated to item assign table 10:13:17  
