#
# There is insufficient memory for the Java Runtime Environment to continue.
# Native memory allocation (mmap) failed to map 264241152 bytes. Error detail: G1 virtual space
# Possible reasons:
#   The system is out of physical RAM or swap space
#   This process is running with CompressedOops enabled, and the Java Heap may be blocking the growth of the native heap
# Possible solutions:
#   Reduce memory load on the system
#   Increase physical memory or swap space
#   Check if swap backing store is full
#   Decrease Java heap size (-Xmx/-Xms)
#   Decrease number of Java threads
#   Decrease Java thread stack sizes (-Xss)
#   Set larger code cache with -XX:ReservedCodeCacheSize=
#   JVM is running with Zero Based Compressed Oops mode in which the Java heap is
#     placed in the first 32GB address space. The Java Heap base address is the
#     maximum limit for the native heap growth. Please use -XX:HeapBaseMinAddress
#     to set the Java Heap base and to place the Java Heap above 32GB virtual address.
# This output file may be truncated or incomplete.
#
#  Out of Memory Error (os_windows.cpp:3825), pid=37588, tid=30880
#
# JRE version:  (17.0.12+1) (build )
# Java VM: OpenJDK 64-Bit Server VM (17.0.12+1-b1087.25, mixed mode, sharing, tiered, compressed oops, compressed class ptrs, g1 gc, windows-amd64)
# No core dump will be written. Minidumps are not enabled by default on client versions of Windows
#

---------------  S U M M A R Y ------------

Command Line: git4idea.http.GitAskPassApp Username for 'https://github.com': 

Host: 13th Gen Intel(R) Core(TM) i7-1360P, 16 cores, 15G,  Windows 11 , 64 bit Build 26100 (10.0.26100.4768)
Time: Wed Sep 17 20:07:18 2025 Sri Lanka Standard Time elapsed time: 0.031461 seconds (0d 0h 0m 0s)

---------------  T H R E A D  ---------------

Current thread (0x0000022fa009a680):  JavaThread "Unknown thread" [_thread_in_vm, id=30880, stack(0x0000003bfd400000,0x0000003bfd500000)]

Stack: [0x0000003bfd400000,0x0000003bfd500000]
Native frames: (J=compiled Java code, j=interpreted, Vv=VM code, C=native code)
V  [jvm.dll+0x688dd9]
V  [jvm.dll+0x842eaa]
V  [jvm.dll+0x844aee]
V  [jvm.dll+0x845153]
V  [jvm.dll+0x24ba3f]
V  [jvm.dll+0x685ba9]
V  [jvm.dll+0x67a45a]
V  [jvm.dll+0x30c60b]
V  [jvm.dll+0x313ab6]
V  [jvm.dll+0x363c6e]
V  [jvm.dll+0x363e9f]
V  [jvm.dll+0x2e2658]
V  [jvm.dll+0x2e3594]
V  [jvm.dll+0x813b31]
V  [jvm.dll+0x3719c1]
V  [jvm.dll+0x7f2626]
V  [jvm.dll+0x3f563f]
V  [jvm.dll+0x3f7191]
C  [jli.dll+0x528f]
C  [ucrtbase.dll+0x37b0]
C  [KERNEL32.DLL+0x2e8d7]
C  [ntdll.dll+0x3c34c]


---------------  P R O C E S S  ---------------

Threads class SMR info:
_java_thread_list=0x00007ff9332b0f58, length=0, elements={
}

Java Threads: ( => current thread )

Other Threads:
  0x0000022fa0108ed0 GCTaskThread "GC Thread#0" [stack: 0x0000003bfd500000,0x0000003bfd600000] [id=37376]
  0x0000022fa0119930 ConcurrentGCThread "G1 Main Marker" [stack: 0x0000003bfd600000,0x0000003bfd700000] [id=25900]
  0x0000022fa011b360 ConcurrentGCThread "G1 Conc#0" [stack: 0x0000003bfd700000,0x0000003bfd800000] [id=37264]

[error occurred during error reporting (printing all threads), id 0xc0000005, EXCEPTION_ACCESS_VIOLATION (0xc0000005) at pc=0x00007ff932a631c7]

VM state: not at safepoint (not fully initialized)

VM Mutex/Monitor currently owned by a thread:  ([mutex/lock_event])
[0x0000022fa0099190] Heap_lock - owner thread: 0x0000022fa009a680

Heap address: 0x0000000704e00000, size: 4018 MB, Compressed Oops mode: Zero based, Oop shift amount: 3

CDS archive(s) mapped at: [0x0000000000000000-0x0000000000000000-0x0000000000000000), size 0, SharedBaseAddress: 0x0000000800000000, ArchiveRelocationMode: 1.
Narrow klass base: 0x0000000000000000, Narrow klass shift: 0, Narrow klass range: 0x0

GC Precious Log:
<Empty>

Heap:
 garbage-first heap   total 0K, used 0K [0x0000000704e00000, 0x0000000800000000)
  region size 2048K, 0 young (0K), 0 survivors (0K)
 Metaspace       used 0K, committed 0K, reserved 0K
  class space    used 0K, committed 0K, reserved 0K

Heap Regions: E=young(eden), S=young(survivor), O=old, HS=humongous(starts), HC=humongous(continues), CS=collection set, F=free, OA=open archive, CA=closed archive, TAMS=top-at-mark-start (previous, next)

Card table byte_map: [0x0000022fb57f0000,0x0000022fb5fd0000] _byte_map_base: 0x0000022fb1fc9000

Marking Bits (Prev, Next): (CMBitMap*) 0x0000022fa01094f0, (CMBitMap*) 0x0000022fa0109530
 Prev Bits: [0x0000022fb67b0000, 0x0000022fba678000)
 Next Bits: [0x0000022fba680000, 0x0000022fbe548000)

GC Heap History (0 events):
No events

Dll operation events (1 events):
Event: 0.021 Loaded shared library C:\Program Files\JetBrains\PhpStorm 2023.3.4\jbr\bin\java.dll

Deoptimization events (0 events):
No events

Classes unloaded (0 events):
No events

Classes redefined (0 events):
No events

Internal exceptions (0 events):
No events

VM Operations (0 events):
No events

Events (0 events):
No events


Dynamic libraries:
0x00007ff6fc720000 - 0x00007ff6fc72a000 	C:\Program Files\JetBrains\PhpStorm 2023.3.4\jbr\bin\java.exe
0x00007ff9e3500000 - 0x00007ff9e3767000 	C:\WINDOWS\SYSTEM32\ntdll.dll
0x00007ff9e28d0000 - 0x00007ff9e2999000 	C:\WINDOWS\System32\KERNEL32.DLL
0x00007ff9e06f0000 - 0x00007ff9e0ae0000 	C:\WINDOWS\System32\KERNELBASE.dll
0x00007ff9e0dc0000 - 0x00007ff9e0f0b000 	C:\WINDOWS\System32\ucrtbase.dll
0x00007ff99b800000 - 0x00007ff99b817000 	C:\Program Files\JetBrains\PhpStorm 2023.3.4\jbr\bin\jli.dll
0x00007ff9e2700000 - 0x00007ff9e28c5000 	C:\WINDOWS\System32\USER32.dll
0x00007ff9e06c0000 - 0x00007ff9e06e7000 	C:\WINDOWS\System32\win32u.dll
0x00007ff9e29e0000 - 0x00007ff9e2a0b000 	C:\WINDOWS\System32\GDI32.dll
0x00007ff9e1150000 - 0x00007ff9e1288000 	C:\WINDOWS\System32\gdi32full.dll
0x00007ff9e0b90000 - 0x00007ff9e0c33000 	C:\WINDOWS\System32\msvcp_win.dll
0x00007ff9c23a0000 - 0x00007ff9c23bb000 	C:\Program Files\JetBrains\PhpStorm 2023.3.4\jbr\bin\VCRUNTIME140.dll
0x00007ff9be180000 - 0x00007ff9be41a000 	C:\WINDOWS\WinSxS\amd64_microsoft.windows.common-controls_6595b64144ccf1df_6.0.26100.4768_none_3e0c112ce331287c\COMCTL32.dll
0x00007ff9e2b70000 - 0x00007ff9e2c19000 	C:\WINDOWS\System32\msvcrt.dll
0x00007ff9e29a0000 - 0x00007ff9e29cf000 	C:\WINDOWS\System32\IMM32.DLL
0x00007ff9d02d0000 - 0x00007ff9d02dc000 	C:\Program Files\JetBrains\PhpStorm 2023.3.4\jbr\bin\vcruntime140_1.dll
0x00007ff98c8e0000 - 0x00007ff98c96d000 	C:\Program Files\JetBrains\PhpStorm 2023.3.4\jbr\bin\msvcp140.dll
0x00007ff932770000 - 0x00007ff9333f5000 	C:\Program Files\JetBrains\PhpStorm 2023.3.4\jbr\bin\server\jvm.dll
0x00007ff9e3140000 - 0x00007ff9e31f4000 	C:\WINDOWS\System32\ADVAPI32.dll
0x00007ff9e1e70000 - 0x00007ff9e1f16000 	C:\WINDOWS\System32\sechost.dll
0x00007ff9e17b0000 - 0x00007ff9e18c8000 	C:\WINDOWS\System32\RPCRT4.dll
0x00007ff9e0490000 - 0x00007ff9e04ee000 	C:\WINDOWS\SYSTEM32\POWRPROF.dll
0x00007ff9da8b0000 - 0x00007ff9da8ba000 	C:\WINDOWS\SYSTEM32\WSOCK32.dll
0x00007ff9e3340000 - 0x00007ff9e33b4000 	C:\WINDOWS\System32\WS2_32.dll
0x00007ff9d8420000 - 0x00007ff9d8455000 	C:\WINDOWS\SYSTEM32\WINMM.dll
0x00007ff9c4d20000 - 0x00007ff9c4d2b000 	C:\WINDOWS\SYSTEM32\VERSION.dll
0x00007ff9e0470000 - 0x00007ff9e0484000 	C:\WINDOWS\SYSTEM32\UMPDC.dll
0x00007ff9df370000 - 0x00007ff9df38b000 	C:\WINDOWS\SYSTEM32\kernel.appcore.dll
0x00007ff9d09d0000 - 0x00007ff9d09da000 	C:\Program Files\JetBrains\PhpStorm 2023.3.4\jbr\bin\jimage.dll
0x00007ff9dd820000 - 0x00007ff9dda61000 	C:\WINDOWS\SYSTEM32\DBGHELP.DLL
0x00007ff9e1a90000 - 0x00007ff9e1e15000 	C:\WINDOWS\System32\combase.dll
0x00007ff9e2c20000 - 0x00007ff9e2d00000 	C:\WINDOWS\System32\OLEAUT32.dll
0x00007ff9c5240000 - 0x00007ff9c5283000 	C:\WINDOWS\SYSTEM32\dbgcore.DLL
0x00007ff9e0af0000 - 0x00007ff9e0b89000 	C:\WINDOWS\System32\bcryptPrimitives.dll
0x00007ff9ace10000 - 0x00007ff9ace35000 	C:\Program Files\JetBrains\PhpStorm 2023.3.4\jbr\bin\java.dll

dbghelp: loaded successfully - version: 4.0.5 - missing functions: none
symbol engine: initialized successfully - sym options: 0x614 - pdb path: .;C:\Program Files\JetBrains\PhpStorm 2023.3.4\jbr\bin;C:\WINDOWS\SYSTEM32;C:\WINDOWS\WinSxS\amd64_microsoft.windows.common-controls_6595b64144ccf1df_6.0.26100.4768_none_3e0c112ce331287c;C:\Program Files\JetBrains\PhpStorm 2023.3.4\jbr\bin\server

VM Arguments:
java_command: git4idea.http.GitAskPassApp Username for 'https://github.com': 
java_class_path (initial): C:/Program Files/JetBrains/PhpStorm 2023.3.4/plugins/vcs-git/lib/git4idea-rt.jar;C:/Program Files/JetBrains/PhpStorm 2023.3.4/lib/externalProcess-rt.jar
Launcher Type: SUN_STANDARD

[Global flags]
     intx CICompilerCount                          = 12                                        {product} {ergonomic}
     uint ConcGCThreads                            = 3                                         {product} {ergonomic}
     uint G1ConcRefinementThreads                  = 13                                        {product} {ergonomic}
   size_t G1HeapRegionSize                         = 2097152                                   {product} {ergonomic}
    uintx GCDrainStackTargetSize                   = 64                                        {product} {ergonomic}
   size_t InitialHeapSize                          = 264241152                                 {product} {ergonomic}
   size_t MarkStackSize                            = 4194304                                   {product} {ergonomic}
   size_t MaxHeapSize                              = 4213178368                                {product} {ergonomic}
   size_t MinHeapDeltaBytes                        = 2097152                                   {product} {ergonomic}
   size_t MinHeapSize                              = 8388608                                   {product} {ergonomic}
    uintx NonNMethodCodeHeapSize                   = 7602480                                {pd product} {ergonomic}
    uintx NonProfiledCodeHeapSize                  = 122027880                              {pd product} {ergonomic}
    uintx ProfiledCodeHeapSize                     = 122027880                              {pd product} {ergonomic}
    uintx ReservedCodeCacheSize                    = 251658240                              {pd product} {ergonomic}
     bool SegmentedCodeCache                       = true                                      {product} {ergonomic}
   size_t SoftMaxHeapSize                          = 4213178368                             {manageable} {ergonomic}
     bool UseCompressedClassPointers               = true                           {product lp64_product} {ergonomic}
     bool UseCompressedOops                        = true                           {product lp64_product} {ergonomic}
     bool UseG1GC                                  = true                                      {product} {ergonomic}
     bool UseLargePagesIndividualAllocation        = false                                  {pd product} {ergonomic}

Logging:
Log output configuration:
 #0: stdout all=warning uptime,level,tags
 #1: stderr all=off uptime,level,tags

Environment Variables:
PATH=C:/Program Files/Git/mingw64/libexec/git-core;C:/Program Files/Git/mingw64/libexec/git-core;C:\Program Files\Git\mingw64\bin;C:\Program Files\Git\usr\bin;C:\Users\Dell\bin;C:\WINDOWS\system32;C:\WINDOWS;C:\WINDOWS\System32\Wbem;C:\WINDOWS\System32\WindowsPowerShell\v1.0\;C:\WINDOWS\System32\OpenSSH\;C:\Program Files\dotnet\;C:\ProgramData\chocolatey\bin;C:\Program Files\Microsoft VS Code\bin;D:\xampp\php;C:\ProgramData\ComposerSetup\bin;C:\Program Files\Git\cmd;C:\Program Files\Docker\Docker\resources\bin;D:\nvm;C:\Program Files\nodejs;C:\Users\Dell\AppData\Local\Microsoft\WindowsApps;C:\Users\Dell\AppData\Local\Programs\EmEditor;C:\Users\Dell\AppData\Roaming\Composer\vendor\bin;C:\Users\Dell\AppData\Roaming\npm;C:\Users\Dell\AppData\Local\GitHubDesktop\bin;C:\Users\Dell\.dotnet\tools;D:\nvm;C:\Program Files\nodejs;C:\Users\Dell\AppData\Local\Programs\cursor\resources\app\bin
USERNAME=Dell
DISPLAY=:0.0
LC_ALL=en_US.UTF-8
TERM=xterm-256color
TMPDIR=C:\Users\Dell\AppData\Local\Temp
OS=Windows_NT
PROCESSOR_IDENTIFIER=Intel64 Family 6 Model 186 Stepping 2, GenuineIntel
TMP=C:\Users\Dell\AppData\Local\Temp
TEMP=C:\Users\Dell\AppData\Local\Temp



Periodic native trim disabled

JNI global refs:
JNI global refs: 0, weak refs: 0

JNI global refs memory usage: 0, weak refs: 0

OOME stack traces (most recent first):
Classloader memory used:


---------------  S Y S T E M  ---------------

OS:
 Windows 11 , 64 bit Build 26100 (10.0.26100.4768)
OS uptime: 2 days 23:47 hours
Hyper-V role detected

CPU: total 16 (initial active 16) (8 cores per cpu, 2 threads per core) family 6 model 186 stepping 2 microcode 0x4123, cx8, cmov, fxsr, ht, mmx, 3dnowpref, sse, sse2, sse3, ssse3, sse4.1, sse4.2, popcnt, lzcnt, tsc, tscinvbit, avx, avx2, aes, erms, clmul, bmi1, bmi2, adx, sha, fma, vzeroupper, clflush, clflushopt, clwb, hv
Processor Information for all 16 processors :
  Max Mhz: 2200, Current Mhz: 2200, Mhz Limit: 2200

Memory: 4k page, system-wide physical 16068M (756M free)
TotalPageFile size 48854M (AvailPageFile size 146M)
current process WorkingSet (physical memory assigned to process): 12M, peak: 12M
current process commit charge ("private bytes"): 70M, peak: 322M

vm_info: OpenJDK 64-Bit Server VM (17.0.12+1-b1087.25) for windows-amd64 JRE (17.0.12+1-b1087.25), built on 2024-08-30 by "builduser" with MS VC++ 16.10 / 16.11 (VS2019)

END.
