#
# There is insufficient memory for the Java Runtime Environment to continue.
# Native memory allocation (malloc) failed to allocate 1048576 bytes for AllocateHeap
# Possible reasons:
#   The system is out of physical RAM or swap space
#   The process is running with CompressedOops enabled, and the Java Heap may be blocking the growth of the native heap
# Possible solutions:
#   Reduce memory load on the system
#   Increase physical memory or swap space
#   Check if swap backing store is full
#   Decrease Java heap size (-Xmx/-Xms)
#   Decrease number of Java threads
#   Decrease Java thread stack sizes (-Xss)
#   Set larger code cache with -XX:ReservedCodeCacheSize=
#   JVM is running with Zero Based Compressed Oops mode in which the Java heap is
#     placed in the first 32GB address space. The Java Heap base address is the
#     maximum limit for the native heap growth. Please use -XX:HeapBaseMinAddress
#     to set the Java Heap base and to place the Java Heap above 32GB virtual address.
# This output file may be truncated or incomplete.
#
#  Out of Memory Error (memory/allocation.inline.hpp:61), pid=1204, tid=0x00000000000024c8
#
# JRE version:  (8.0_202-b44) (build )
# Java VM: OpenJDK 64-Bit Server VM (25.202-b44 mixed mode windows-amd64 compressed oops)
# Failed to write core dump. Minidumps are not enabled by default on client versions of Windows
#

---------------  T H R E A D  ---------------

Current thread (0x0000000002f9e800):  JavaThread "Unknown thread" [_thread_in_vm, id=9416, stack(0x0000000002e30000,0x0000000002f30000)]

Stack: [0x0000000002e30000,0x0000000002f30000]
[error occurred during error reporting (printing stack bounds), id 0xc0000005]

Native frames: (J=compiled Java code, j=interpreted, Vv=VM code, C=native code)


---------------  P R O C E S S  ---------------

Java Threads: ( => current thread )

Other Threads:

=>0x0000000002f9e800 (exited) JavaThread "Unknown thread" [_thread_in_vm, id=9416, stack(0x0000000002e30000,0x0000000002f30000)]

VM state:not at safepoint (normal execution)

VM Mutex/Monitor currently owned by a thread: None

heap address: 0x00000006c2200000, size: 4062 MB, Compressed Oops mode: Zero based, Oop shift amount: 3
Narrow klass base: 0x0000000000000000, Narrow klass shift: 3
Compressed class space size: 1073741824 Address: 0x00000007c0000000

Heap:
 PSYoungGen      total 75776K, used 1300K [0x000000076b600000, 0x0000000770a80000, 0x00000007c0000000)
  eden space 65024K, 2% used [0x000000076b600000,0x000000076b7451f8,0x000000076f580000)
  from space 10752K, 0% used [0x0000000770000000,0x0000000770000000,0x0000000770a80000)
  to   space 10752K, 0% used [0x000000076f580000,0x000000076f580000,0x0000000770000000)
 ParOldGen       total 173568K, used 0K [0x00000006c2200000, 0x00000006ccb80000, 0x000000076b600000)
  object space 173568K, 0% used [0x00000006c2200000,0x00000006c2200000,0x00000006ccb80000)
 Metaspace       used 777K, capacity 4480K, committed 4480K, reserved 1056768K
  class space    used 74K, capacity 384K, committed 384K, reserved 1048576K

Card table byte_map: [0x00000000124e0000,0x0000000012cd0000] byte_map_base: 0x000000000eecf000

Marking Bits: (ParMarkBitMap*) 0x000000005f059f30
 Begin Bits: [0x0000000013820000, 0x0000000017798000)
 End Bits:   [0x0000000017798000, 0x000000001b710000)

Polling page: 0x00000000010c0000

CodeCache: size=245760Kb used=328Kb max_used=328Kb free=245431Kb
 bounds [0x0000000003120000, 0x0000000003390000, 0x0000000012120000]
 total_blobs=57 nmethods=0 adapters=38
 compilation: enabled

Compilation events (0 events):
No events

GC Heap History (0 events):
No events

Deoptimization events (0 events):
No events

Classes redefined (0 events):
No events

Internal exceptions (0 events):
No events

Events (10 events):
Event: 0.016 loading class java/lang/Short
Event: 0.016 loading class java/lang/Short done
Event: 0.016 loading class java/lang/Integer
Event: 0.016 loading class java/lang/Integer done
Event: 0.016 loading class java/lang/Long
Event: 0.016 loading class java/lang/Long done
Event: 0.016 loading class java/lang/NullPointerException
Event: 0.017 loading class java/lang/NullPointerException done
Event: 0.017 loading class java/lang/ArithmeticException
Event: 0.017 loading class java/lang/ArithmeticException done


Dynamic libraries:
0x00007ff6caa50000 - 0x00007ff6caa81000 	C:\Program Files\JetBrains\PhpStorm 2019.1.1\jre64\bin\java.exe
0x00007ffc03240000 - 0x00007ffc03430000 	C:\WINDOWS\SYSTEM32\ntdll.dll
0x00007ffc027f0000 - 0x00007ffc028a2000 	C:\WINDOWS\System32\KERNEL32.DLL
0x00007ffc00d60000 - 0x00007ffc01003000 	C:\WINDOWS\System32\KERNELBASE.dll
0x00007ffc01cb0000 - 0x00007ffc01d53000 	C:\WINDOWS\System32\ADVAPI32.dll
0x00007ffc026c0000 - 0x00007ffc0275e000 	C:\WINDOWS\System32\msvcrt.dll
0x00007ffc01370000 - 0x00007ffc01407000 	C:\WINDOWS\System32\sechost.dll
0x00007ffc023f0000 - 0x00007ffc02510000 	C:\WINDOWS\System32\RPCRT4.dll
0x00007ffc01ea0000 - 0x00007ffc02034000 	C:\WINDOWS\System32\USER32.dll
0x00007ffc01070000 - 0x00007ffc01091000 	C:\WINDOWS\System32\win32u.dll
0x00007ffc027c0000 - 0x00007ffc027e6000 	C:\WINDOWS\System32\GDI32.dll
0x00007ffc003f0000 - 0x00007ffc00584000 	C:\WINDOWS\System32\gdi32full.dll
0x00007ffc011a0000 - 0x00007ffc0123e000 	C:\WINDOWS\System32\msvcp_win.dll
0x00007ffc010a0000 - 0x00007ffc0119a000 	C:\WINDOWS\System32\ucrtbase.dll
0x00007ffbea7d0000 - 0x00007ffbeaa55000 	C:\WINDOWS\WinSxS\amd64_microsoft.windows.common-controls_6595b64144ccf1df_6.0.18362.592_none_e6c0b1911312be02\COMCTL32.dll
0x00007ffc02040000 - 0x00007ffc02376000 	C:\WINDOWS\System32\combase.dll
0x00007ffc00320000 - 0x00007ffc003a0000 	C:\WINDOWS\System32\bcryptPrimitives.dll
0x00007ffc01b90000 - 0x00007ffc01bbe000 	C:\WINDOWS\System32\IMM32.DLL
0x000000005e7b0000 - 0x000000005e882000 	C:\Program Files\JetBrains\PhpStorm 2019.1.1\jre64\bin\msvcr100.dll
0x000000005e890000 - 0x000000005f0d6000 	C:\Program Files\JetBrains\PhpStorm 2019.1.1\jre64\bin\server\jvm.dll
0x00007ffc01ca0000 - 0x00007ffc01ca8000 	C:\WINDOWS\System32\PSAPI.DLL
0x00007ffbf4240000 - 0x00007ffbf4249000 	C:\WINDOWS\SYSTEM32\WSOCK32.dll
0x00007ffbfdeb0000 - 0x00007ffbfded4000 	C:\WINDOWS\SYSTEM32\WINMM.dll
0x00007ffc01d60000 - 0x00007ffc01dcf000 	C:\WINDOWS\System32\WS2_32.dll
0x00007ffbfb470000 - 0x00007ffbfb47a000 	C:\WINDOWS\SYSTEM32\VERSION.dll
0x00007ffbfde80000 - 0x00007ffbfdead000 	C:\WINDOWS\SYSTEM32\winmmbase.dll
0x00007ffc003a0000 - 0x00007ffc003ea000 	C:\WINDOWS\System32\cfgmgr32.dll
0x00007ffbf2590000 - 0x00007ffbf259f000 	C:\Program Files\JetBrains\PhpStorm 2019.1.1\jre64\bin\verify.dll
0x00007ffbf1d30000 - 0x00007ffbf1d59000 	C:\Program Files\JetBrains\PhpStorm 2019.1.1\jre64\bin\java.dll
0x00007ffbf1d10000 - 0x00007ffbf1d26000 	C:\Program Files\JetBrains\PhpStorm 2019.1.1\jre64\bin\zip.dll

VM Arguments:
java_command: org.jetbrains.git4idea.http.GitAskPassApp Username for 'https://github.com': 
java_class_path (initial): C:/Program Files/JetBrains/PhpStorm 2019.1.1/plugins/git4idea/lib/git4idea-rt.jar;C:/Program Files/JetBrains/PhpStorm 2019.1.1/lib/xmlrpc-2.0.1.jar;C:/Program Files/JetBrains/PhpStorm 2019.1.1/lib/commons-codec-1.10.jar;C:/Program Files/JetBrains/PhpStorm 2019.1.1/lib/util.jar
Launcher Type: SUN_STANDARD

Environment Variables:
PATH=C:/Program Files/Git/mingw64/libexec/git-core;C:/Program Files/Git/mingw64/libexec/git-core;C:\Program Files\Git\mingw64\bin;C:\Program Files\Git\usr\bin;C:\Users\User\bin;C:\ProgramData\DockerDesktop\version-bin;C:\Program Files\Docker\Docker\Resources\bin;C:\WINDOWS\system32;C:\WINDOWS;C:\WINDOWS\System32\Wbem;C:\WINDOWS\System32\WindowsPowerShell\v1.0\;C:\WINDOWS\System32\OpenSSH\;C:\ProgramData\chocolatey\bin;C:\tools\php72;C:\ProgramData\ComposerSetup\bin;C:\Program Files\nodejs\;C:\Program Files\Git\cmd;C:\Program Files\Microsoft\Web Platform Installer\;C:\Users\User\.windows-build-tools\python27\;C:\Program Files\nodejs\node_modules\npm\node_modules\npm-lifecycle\node-gyp-bin;C:\Users\User\AppData\Roaming\npm\node_modules\windows-build-tools\node_modules\.bin;C:\Users\User\AppData\Roaming\npm\node_modules\.bin;C:\Windows\system32;C:\Windows;C:\Windows\System32\Wbem;C:\Windows\System32\WindowsPowerShell\v1.0\;C:\Windows\System32\OpenSSH\;C:\ProgramData\chocolatey\bin;C:\tools\php72;C:\ProgramData\ComposerSetup\bin;C:\Program Files\nodejs\;C:\Program Files\Git\cmd;C:\Program Files\Microsoft\Web Platform Installer\;C:\Users\User\AppData\Local\Microsoft\WindowsApps;C:\Users\User\AppData\Roaming\Composer\vendor\bin;C:\Users\User\AppData\Roaming\npm;C:\Users\User\AppData\Local\Programs\Microsoft VS Code\bin;C:\instantclient_12_2\instantclient_12_2;C:\tools\mysql\current\bin;;C:\Users\User\AppData\Local\Microsoft\WindowsApps
USERNAME=User
DISPLAY=:0.0
OS=Windows_NT
PROCESSOR_IDENTIFIER=Intel64 Family 6 Model 158 Stepping 10, GenuineIntel



---------------  S Y S T E M  ---------------

OS: Windows 10.0 , 64 bit Build 18362 (10.0.18362.329)

CPU:total 6 (initial active 6) (6 cores per cpu, 1 threads per core) family 6 model 158 stepping 10, cmov, cx8, fxsr, mmx, sse, sse2, sse3, ssse3, sse4.1, sse4.2, popcnt, avx, avx2, aes, clmul, erms, 3dnowpref, lzcnt, tsc, tscinvbit, bmi1, bmi2, adx

Memory: 4k page, physical 16637156k(482820k free), swap 31210976k(4620k free)

vm_info: OpenJDK 64-Bit Server VM (25.202-b44) for windows-amd64 JRE (1.8.0_202-release-1483-b44), built on Mar 29 2019 17:15:10 by "builduser" with MS VC++ 10.0 (VS2010)

time: Thu Feb 06 15:34:13 2020
timezone: Sri Lanka Standard Time
elapsed time: 0 seconds (0d 0h 0m 0s)

